C51 COMPILER V8.06   MAIN                                                                  04/05/2018 19:57:31 PAGE 1   


C51 COMPILER V8.06, COMPILATION OF MODULE MAIN
OBJECT MODULE PLACED IN main.OBJ
COMPILER INVOKED BY: C:\Keil\C51\BIN\C51.EXE main.c BROWSE DEBUG OBJECTEXTEND

line level    source

   1          #include <reg52.h>
   2          
   3          #define uchar unsigned char
   4          #define uint unsigned int
   5          sbit out=P1^5;//发送IO口
   6          
   7          void delay(uint xms)
   8          {
   9   1              uint i,j;
  10   1              for(i=xms;i>0;i--)                    //i=xms即延时约xms毫秒
  11   1                      for(j=112;j>0;j--);
  12   1      }
  13          
  14          void delay560us(void)   //560us延迟函数
  15          {
  16   1              uint j;
  17   1              for(j=63;j>0;j--);
  18   1      }
  19          
  20          void delay4500us(void)     //4.5ms延迟函数
  21          {
  22   1              uint j;
  23   1              for(j=516;j>0;j--);
  24   1      }
  25          
  26          void khz_2(uint num)             //38KHZ脉冲 占空比1:2
  27          {
  28   1          for(;num>0;num--)    //num是持续时间
  29   1               {
  30   2      //        _nop_();
  31   2                out=~out;
  32   2               }
  33   1      }
  34          
  35          void send0_a(void)    //发送0
  36          {
  37   1         khz_2(42) ;   //0.56ms的38kHZ的脉冲
  38   1         //khz_3(21) ;
  39   1         out=1;
  40   1         delay560us();
  41   1      }
  42          
  43          void send1_a(void)              //发送1
  44          {
  45   1         khz_2(42) ;    //0.56ms的38kHZ的脉冲
  46   1         //khz_3(21) ;
  47   1         out=1;
  48   1         delay560us();
  49   1         delay560us();
  50   1         delay560us();
  51   1      }
  52          
  53          void leadcode_a(void)   //发送引导码
  54          {
  55   1           khz_2(690) ;     //9ms的38kHZ的脉冲
C51 COMPILER V8.06   MAIN                                                                  04/05/2018 19:57:31 PAGE 2   

  56   1               //     khz_2(345) ;
  57   1               out=1;
  58   1               delay4500us();
  59   1               //delay4500us();
  60   1               
  61   1      
  62   1      }
  63          
  64          const uchar TabHL1[12]={0x30,0x18,0x7a,0x10,0x38,0x5a,0x42,0x4a,0x52,0x00,0xff,0xa6};//数据码码表1-9&2字节
             -用户码
  65          const uchar TabHL2[12]={0xcf,0xe7,0x85,0xef,0xc7,0xa5,0xbd,0xb5,0xad,0xff,0x00,0x59};//数据码码表1-9&2字节
             -用户码
  66          
  67          void Send8Bit(uchar d)                    //发送一字节数据
  68          {
  69   1          if(d&0x80){ send1_a();}   //一位一位的判断
  70   1              else{           send0_a();}
  71   1              if(d&0x40){     send1_a();}
  72   1              else{           send0_a();}
  73   1              if(d&0x20){     send1_a();}
  74   1              else{           send0_a();}
  75   1              if(d&0x10){     send1_a();}
  76   1              else{           send0_a();}
  77   1              if(d&0x08){     send1_a();}
  78   1              else{           send0_a();}
  79   1              if(d&0x04){     send1_a();}
  80   1              else{           send0_a();}
  81   1              if(d&0x02){     send1_a();}
  82   1              else{           send0_a();}
  83   1              if(d&0x01){     send1_a();}
  84   1              else{           send0_a();}
  85   1      
  86   1      }
  87          
  88          
  89          void usercode_xuexiban()          //发送用户码 00FF
  90          {
  91   1           Send8Bit(TabHL1[9]);
  92   1               Send8Bit(TabHL2[9]);
  93   1      }
  94          
  95          void xuexiban_1()       //00110000              发送”1“的全部信号
  96           {
  97   1           leadcode_a();   //引导码
  98   1           usercode_xuexiban();   //用户码
  99   1           Send8Bit(TabHL1[0]);
 100   1               Send8Bit(TabHL2[0]);//数据反码（校验用）（直接用的源码，这样方便简单，但是稳定性不好）
 101   1               //delay(1);
 102   1               //khz_2(10) ;    //0.56ms的38kHZ的脉冲
 103   1       }
 104          
 105           void xuexiban_2()      //00011000
 106           {
 107   1           leadcode_a();
 108   1           usercode_xuexiban();
 109   1               Send8Bit(TabHL1[1]);
 110   1               Send8Bit(TabHL2[1]);
 111   1       }
 112          
 113           void xuexiban_3()      //01111010
 114           {
 115   1           leadcode_a();
C51 COMPILER V8.06   MAIN                                                                  04/05/2018 19:57:31 PAGE 3   

 116   1           usercode_xuexiban();
 117   1               Send8Bit(TabHL1[2]);
 118   1               Send8Bit(TabHL2[2]);
 119   1       }
 120          
 121           void xuexiban_4()      //00010000
 122           {
 123   1           leadcode_a();
 124   1           usercode_xuexiban();
 125   1               Send8Bit(TabHL1[3]);
 126   1               Send8Bit(TabHL2[3]);
 127   1       }
 128          
 129           void xuexiban_5()      //00111000
 130           {
 131   1           leadcode_a();
 132   1           usercode_xuexiban();
 133   1               Send8Bit(TabHL1[4]);
 134   1               Send8Bit(TabHL2[4]);
 135   1       }
 136          
 137           void xuexiban_6()      //01011010
 138           {
 139   1           leadcode_a();
 140   1           usercode_xuexiban();
 141   1               Send8Bit(TabHL1[5]);
 142   1               Send8Bit(TabHL2[5]);
 143   1       }
 144          
 145           void xuexiban_7()      //01000010
 146           {
 147   1           leadcode_a();
 148   1           usercode_xuexiban();
 149   1               Send8Bit(TabHL1[6]);
 150   1               Send8Bit(TabHL2[6]);
 151   1       }
 152          
 153           void xuexiban_8()      //01001010
 154           {
 155   1           leadcode_a();
 156   1           usercode_xuexiban();
 157   1           Send8Bit(TabHL1[7]);
 158   1               Send8Bit(TabHL2[7]);
 159   1       }
 160          
 161            void xuexiban_9()     //01010010
 162           {
 163   1           leadcode_a();
 164   1           usercode_xuexiban();
 165   1           Send8Bit(TabHL1[8]);
 166   1               Send8Bit(TabHL2[8]);
 167   1       }
 168          
 169           void Remote_control()   //按键发送，矩阵键盘前九个按键分别是1-9
 170           {
 171   1          uchar temp;
 172   1              P3 = 0xfe;
 173   1              temp = P3;
 174   1              temp = temp & 0xf0;
 175   1              if(temp != 0xf0)
 176   1              {
 177   2                              delay(5);
C51 COMPILER V8.06   MAIN                                                                  04/05/2018 19:57:31 PAGE 4   

 178   2                              temp = P3;
 179   2                              temp = temp & 0xf0;
 180   2                              while(temp != 0xf0)
 181   2                              {
 182   3                                      temp = P3;
 183   3                                      switch(temp)
 184   3                                      {
 185   4                                              case 0xee:xuexiban_1();                         
 186   4                                                      break;
 187   4                                              case 0xde:xuexiban_2();
 188   4                                                      break;
 189   4                                              case 0xbe:xuexiban_3();
 190   4                                                      break;
 191   4                                              case 0x7e:xuexiban_4();
 192   4                                                      break;
 193   4                                      }
 194   3                                      while (temp != 0xf0)
 195   3                                      {
 196   4                                              temp = P3;
 197   4                                              temp = temp & 0xf0;
 198   4                                      }
 199   3                              }
 200   2              }       
 201   1      
 202   1              P3 = 0xfd;
 203   1              temp = P3;
 204   1              temp = temp & 0xf0;
 205   1              if(temp != 0xf0)
 206   1              {
 207   2                      delay(5);
 208   2                      temp = P3;
 209   2                      temp = temp & 0xf0;
 210   2                      while(temp !=0xf0)
 211   2                      {
 212   3                              temp = P3;
 213   3                              switch(temp)
 214   3                              {
 215   4                                       case 0xed:xuexiban_5();
 216   4                                              break;
 217   4                                       case 0xdd:xuexiban_6();
 218   4                                              break;
 219   4                                       case 0xbd:xuexiban_7();
 220   4                                              break;
 221   4                                       case 0x7d:xuexiban_8();
 222   4                                              break;
 223   4                              }
 224   3                              while (temp != 0xf0)
 225   3                              {
 226   4                                      temp = P3;
 227   4                                      temp = temp & 0xf0;
 228   4                              }
 229   3                      }
 230   2              }
 231   1      
 232   1              P3 = 0xfb;
 233   1              temp = P3;
 234   1              temp = temp & 0xf0;
 235   1              if(temp != 0xf0)
 236   1              {
 237   2                      delay(5);
 238   2                      temp = P3;
 239   2                      temp = temp & 0xf0;
C51 COMPILER V8.06   MAIN                                                                  04/05/2018 19:57:31 PAGE 5   

 240   2                      while(temp !=0xf0)
 241   2                      {
 242   3                              temp = P3;
 243   3                              switch(temp)
 244   3                              {
 245   4                                       case 0xeb:xuexiban_9();
 246   4                                              break;
 247   4                              }
 248   3                              while (temp != 0xf0)
 249   3                              {
 250   4                                      temp = P3;
 251   4                                      temp = temp & 0xf0;
 252   4                              }
 253   3                      }
 254   2              }       
 255   1       }
 256          
 257           void main()
 258           {
 259   1              while(1)
 260   1              {
 261   2                      Remote_control();                                               
 262   2              }       
 263   1       }       
 264                  


MODULE INFORMATION:   STATIC OVERLAYABLE
   CODE SIZE        =    599    ----
   CONSTANT SIZE    =   ----    ----
   XDATA SIZE       =   ----    ----
   PDATA SIZE       =   ----    ----
   DATA SIZE        =     24       1
   IDATA SIZE       =   ----    ----
   BIT SIZE         =   ----    ----
END OF MODULE INFORMATION.


C51 COMPILATION COMPLETE.  0 WARNING(S),  0 ERROR(S)
